<?xml version="1.0" encoding="UTF-8"?>
<!-- Generated by org.testng.reporters.JUnitXMLReporter -->
<testsuite ignored="0" hostname="Tenzins-MacBook-Pro-2.local" failures="0" tests="3" name="/Users/tenzinwangmo/IdeaProjects/CA4testing" time="29.909" errors="0" timestamp="2023-04-21T10:40:33 IST">
  <testcase classname="org.example.AppTest" name="dropdownMethod" time="2.2"/>
  <testcase classname="org.example.AppTest" name="checkBoxMethod" time="2.055"/>
  <testcase classname="org.example.AppTest" name="RadioButtonMethod" time="0.052"/>
</testsuite> <!-- /Users/tenzinwangmo/IdeaProjects/CA4testing -->
